# JRE version: Java(TM) SE Runtime Environment (8.0_171-b11) (build 1.8.0_171-b11)
# Java VM: Java HotSpot(TM) 64-Bit Server VM (25.171-b11 mixed mode windows-amd64 compressed oops)
Heap:
 PSYoungGen      total 18944K, used 5568K [0x00000000eb400000, 0x00000000ec900000, 0x0000000100000000)
  eden space 16384K, 33% used [0x00000000eb400000,0x00000000eb970390,0x00000000ec400000)
  from space 2560K, 0% used [0x00000000ec400000,0x00000000ec400000,0x00000000ec680000)
  to   space 2560K, 0% used [0x00000000ec680000,0x00000000ec680000,0x00000000ec900000)
 ParOldGen       total 30720K, used 813K [0x00000000c1c00000, 0x00000000c3a00000, 0x00000000eb400000)
  object space 30720K, 2% used [0x00000000c1c00000,0x00000000c1ccb758,0x00000000c3a00000)
 Metaspace       used 6954K, capacity 7286K, committed 7424K, reserved 1056768K
  class space    used 802K, capacity 897K, committed 1024K, reserved 1048576K
GC Heap History (4 events):
Event: 0.512 GC heap before
{Heap before GC invocations=1 (full 0):
 PSYoungGen      total 18944K, used 6365K [0x00000000eb400000, 0x00000000ec900000, 0x0000000100000000)
  eden space 16384K, 38% used [0x00000000eb400000,0x00000000eba377a8,0x00000000ec400000)
  from space 2560K, 0% used [0x00000000ec680000,0x00000000ec680000,0x00000000ec900000)
  to   space 2560K, 0% used [0x00000000ec400000,0x00000000ec400000,0x00000000ec680000)
 ParOldGen       total 44032K, used 0K [0x00000000c1c00000, 0x00000000c4700000, 0x00000000eb400000)
  object space 44032K, 0% used [0x00000000c1c00000,0x00000000c1c00000,0x00000000c4700000)
 Metaspace       used 4995K, capacity 5352K, committed 5504K, reserved 1056768K
  class space    used 565K, capacity 624K, committed 640K, reserved 1048576K
Event: 0.515 GC heap after
Heap after GC invocations=1 (full 0):
 PSYoungGen      total 18944K, used 864K [0x00000000eb400000, 0x00000000ec900000, 0x0000000100000000)
  eden space 16384K, 0% used [0x00000000eb400000,0x00000000eb400000,0x00000000ec400000)
  from space 2560K, 33% used [0x00000000ec400000,0x00000000ec4d8020,0x00000000ec680000)
  to   space 2560K, 0% used [0x00000000ec680000,0x00000000ec680000,0x00000000ec900000)
 ParOldGen       total 44032K, used 8K [0x00000000c1c00000, 0x00000000c4700000, 0x00000000eb400000)
  object space 44032K, 0% used [0x00000000c1c00000,0x00000000c1c02000,0x00000000c4700000)
 Metaspace       used 4995K, capacity 5352K, committed 5504K, reserved 1056768K
  class space    used 565K, capacity 624K, committed 640K, reserved 1048576K
}
Event: 0.515 GC heap before
{Heap before GC invocations=2 (full 1):
 PSYoungGen      total 18944K, used 864K [0x00000000eb400000, 0x00000000ec900000, 0x0000000100000000)
  eden space 16384K, 0% used [0x00000000eb400000,0x00000000eb400000,0x00000000ec400000)
  from space 2560K, 33% used [0x00000000ec400000,0x00000000ec4d8020,0x00000000ec680000)
  to   space 2560K, 0% used [0x00000000ec680000,0x00000000ec680000,0x00000000ec900000)
 ParOldGen       total 44032K, used 8K [0x00000000c1c00000, 0x00000000c4700000, 0x00000000eb400000)
  object space 44032K, 0% used [0x00000000c1c00000,0x00000000c1c02000,0x00000000c4700000)
 Metaspace       used 4995K, capacity 5352K, committed 5504K, reserved 1056768K
  class space    used 565K, capacity 624K, committed 640K, reserved 1048576K
Event: 0.530 GC heap after
Heap after GC invocations=2 (full 1):
 PSYoungGen      total 18944K, used 0K [0x00000000eb400000, 0x00000000ec900000, 0x0000000100000000)
  eden space 16384K, 0% used [0x00000000eb400000,0x00000000eb400000,0x00000000ec400000)
  from space 2560K, 0% used [0x00000000ec400000,0x00000000ec400000,0x00000000ec680000)
  to   space 2560K, 0% used [0x00000000ec680000,0x00000000ec680000,0x00000000ec900000)
 ParOldGen       total 30720K, used 813K [0x00000000c1c00000, 0x00000000c3a00000, 0x00000000eb400000)
  object space 30720K, 2% used [0x00000000c1c00000,0x00000000c1ccb758,0x00000000c3a00000)
 Metaspace       used 4995K, capacity 5352K, committed 5504K, reserved 1056768K
  class space    used 565K, capacity 624K, committed 640K, reserved 1048576K
}

